<?xml version="1.0" encoding="UTF-8"?>
<testsuite name="com.bsg5.chapter2.GreeterTest" tests="1" skipped="0" failures="0" errors="0" timestamp="2021-02-10T17:38:23" hostname="israel-Notebook-PC" time="0.076">
  <properties/>
  <testcase name="testHelloWorld" classname="com.bsg5.chapter2.GreeterTest" time="0.076"/>
  <system-out><![CDATA[]]></system-out>
  <system-err><![CDATA[]]></system-err>
</testsuite>
